<?xml version="1.0" encoding="UTF-8"?>
<!-- Generated by org.testng.reporters.JUnitXMLReporter -->
<testsuite ignored="0" hostname="DESKTOP-1EK46C5" failures="0" tests="5" name="Default test" time="16.022" errors="0" timestamp="2026-06-09T21:10:09 IST">
  <testcase classname="tests.ECommerceAPITest" name="loginTest" time="9.226"/>
  <testcase classname="tests.ECommerceAPITest" name="createProductTest" time="4.375"/>
  <testcase classname="tests.ECommerceAPITest" name="createOrderTest" time="0.999"/>
  <testcase classname="tests.ECommerceAPITest" name="deleteProductTest" time="0.691"/>
  <testcase classname="tests.ECommerceAPITest" name="viewOrderTest" time="0.419"/>
</testsuite> <!-- Default test -->
