<?xml version="1.0" encoding="UTF-8"?>
<!-- Generated by org.testng.reporters.JUnitXMLReporter -->
<testsuite ignored="0" hostname="DESKTOP-1EK46C5" failures="0" tests="5" name="Test" time="15.268" errors="0" timestamp="2026-06-09T21:49:55 IST">
  <testcase classname="tests.ECommerceAPITest" name="loginTest" time="8.969"/>
  <testcase classname="tests.ECommerceAPITest" name="createProductTest" time="4.707"/>
  <testcase classname="tests.ECommerceAPITest" name="createOrderTest" time="0.51"/>
  <testcase classname="tests.ECommerceAPITest" name="deleteProductTest" time="0.43"/>
  <testcase classname="tests.ECommerceAPITest" name="viewOrderTest" time="0.355"/>
</testsuite> <!-- Test -->
