<?xml version="1.0" encoding="UTF-8"?>
<!-- Generated by org.testng.reporters.JUnitReportReporter -->
<testsuite hostname="DESKTOP-1EK46C5" failures="0" tests="5" name="tests.ECommerceAPITest" time="15.040" errors="0" timestamp="2026-06-09T21:49:56 IST" skipped="0">
  <testcase classname="tests.ECommerceAPITest" name="viewOrderTest" time="0.402"/>
  <testcase classname="tests.ECommerceAPITest" name="createOrderTest" time="0.516"/>
  <testcase classname="tests.ECommerceAPITest" name="createProductTest" time="4.713"/>
  <testcase classname="tests.ECommerceAPITest" name="loginTest" time="8.974"/>
  <testcase classname="tests.ECommerceAPITest" name="deleteProductTest" time="0.435"/>
</testsuite> <!-- tests.ECommerceAPITest -->
